=== New Request at 2025-11-02 05:59:54 ===
POST: Array
(
    [action] => sync
    [cart] => []
)

GET: Array
(
)


=== New Request at 2025-11-02 05:59:54 ===
POST: Array
(
    [action] => get
)

GET: Array
(
)


=== New Request at 2025-11-02 05:59:54 ===
POST: Array
(
    [action] => sync
    [cart] => []
)

GET: Array
(
)


=== New Request at 2025-11-02 05:59:57 ===
POST: Array
(
    [action] => add
    [product_id] => undefined
    [quantity] => 1
)

GET: Array
(
)


[Catch] SQLSTATE[23000]: Integrity constraint violation: 1452 Cannot add or update a child row: a foreign key constraint fails (`mjiphil_catalog`.`cart_item`, CONSTRAINT `cart_item_ibfk_2` FOREIGN KEY (`product_id`) REFERENCES `product` (`product_id`) ON DELETE CASCADE ON UPDATE CASCADE)
=== New Request at 2025-11-02 06:01:16 ===
POST: Array
(
    [action] => sync
    [cart] => []
)

GET: Array
(
)


=== New Request at 2025-11-02 06:01:16 ===
POST: Array
(
    [action] => get
)

GET: Array
(
)


=== New Request at 2025-11-02 06:01:16 ===
POST: Array
(
    [action] => sync
    [cart] => []
)

GET: Array
(
)


=== New Request at 2025-11-02 06:01:20 ===
POST: Array
(
    [action] => add
    [product_id] => undefined
    [quantity] => 1
)

GET: Array
(
)


[Catch] SQLSTATE[23000]: Integrity constraint violation: 1452 Cannot add or update a child row: a foreign key constraint fails (`mjiphil_catalog`.`cart_item`, CONSTRAINT `cart_item_ibfk_2` FOREIGN KEY (`product_id`) REFERENCES `product` (`product_id`) ON DELETE CASCADE ON UPDATE CASCADE)
=== New Request at 2025-11-02 06:03:00 ===
POST: Array
(
    [action] => get
)

GET: Array
(
)


=== New Request at 2025-11-02 06:03:00 ===
POST: Array
(
    [action] => sync
    [cart] => []
)

GET: Array
(
)


=== New Request at 2025-11-02 06:03:00 ===
POST: Array
(
    [action] => sync
    [cart] => []
)

GET: Array
(
)


=== New Request at 2025-11-02 06:03:02 ===
POST: Array
(
    [action] => add
    [product_id] => undefined
    [quantity] => 1
)

GET: Array
(
)


[Catch] SQLSTATE[23000]: Integrity constraint violation: 1452 Cannot add or update a child row: a foreign key constraint fails (`mjiphil_catalog`.`cart_item`, CONSTRAINT `cart_item_ibfk_2` FOREIGN KEY (`product_id`) REFERENCES `product` (`product_id`) ON DELETE CASCADE ON UPDATE CASCADE)
=== New Request at 2025-11-02 06:08:07 ===
POST: Array
(
    [action] => sync
    [cart] => []
)

GET: Array
(
)


=== New Request at 2025-11-02 06:08:07 ===
POST: Array
(
    [action] => get
)

GET: Array
(
)


=== New Request at 2025-11-02 06:08:07 ===
POST: Array
(
    [action] => sync
    [cart] => []
)

GET: Array
(
)


=== New Request at 2025-11-02 06:08:09 ===
POST: Array
(
    [action] => add
    [product_id] => 6
    [quantity] => 1
)

GET: Array
(
)


=== New Request at 2025-11-02 06:08:09 ===
POST: Array
(
    [action] => get
)

GET: Array
(
)


=== New Request at 2025-11-02 06:08:09 ===
POST: Array
(
    [action] => sync
    [cart] => [{"id":6,"name":"BuildTuff Hollow Blocks (4x8x16 in)","price":"18.00","quantity":1}]
)

GET: Array
(
)


=== New Request at 2025-11-02 06:08:25 ===
POST: Array
(
    [action] => sync
    [cart] => []
)

GET: Array
(
)


=== New Request at 2025-11-02 06:08:25 ===
POST: Array
(
    [action] => get
)

GET: Array
(
)


=== New Request at 2025-11-02 06:08:25 ===
POST: Array
(
    [action] => sync
    [cart] => []
)

GET: Array
(
)


=== New Request at 2025-11-02 06:08:42 ===
POST: Array
(
    [action] => add
    [product_id] => 6
    [quantity] => 1
)

GET: Array
(
)


=== New Request at 2025-11-02 06:08:42 ===
POST: Array
(
    [action] => get
)

GET: Array
(
)


=== New Request at 2025-11-02 06:08:42 ===
POST: Array
(
    [action] => sync
    [cart] => [{"id":6,"name":"BuildTuff Hollow Blocks (4x8x16 in)","price":"18.00","quantity":1}]
)

GET: Array
(
)


=== New Request at 2025-11-02 06:09:01 ===
POST: Array
(
    [action] => sync
    [cart] => []
)

GET: Array
(
)


=== New Request at 2025-11-02 06:09:01 ===
POST: Array
(
    [action] => get
)

GET: Array
(
)


=== New Request at 2025-11-02 06:09:01 ===
POST: Array
(
    [action] => sync
    [cart] => []
)

GET: Array
(
)


=== New Request at 2025-11-02 06:09:13 ===
POST: Array
(
    [action] => add
    [product_id] => 10
    [quantity] => 1
)

GET: Array
(
)


=== New Request at 2025-11-02 06:09:13 ===
POST: Array
(
    [action] => get
)

GET: Array
(
)


=== New Request at 2025-11-02 06:09:13 ===
POST: Array
(
    [action] => sync
    [cart] => [{"id":10,"name":"CemX Ready-Mix Concrete (1m³)","price":"4200.00","quantity":1}]
)

GET: Array
(
)


=== New Request at 2025-11-02 06:09:15 ===
POST: Array
(
    [action] => sync
    [cart] => []
)

GET: Array
(
)


=== New Request at 2025-11-02 06:09:15 ===
POST: Array
(
    [action] => get
)

GET: Array
(
)


=== New Request at 2025-11-02 06:09:15 ===
POST: Array
(
    [action] => sync
    [cart] => []
)

GET: Array
(
)


=== New Request at 2025-11-02 06:09:27 ===
POST: Array
(
    [action] => add
    [product_id] => 6
    [quantity] => 1
)

GET: Array
(
)


=== New Request at 2025-11-02 06:09:27 ===
POST: Array
(
    [action] => get
)

GET: Array
(
)


=== New Request at 2025-11-02 06:09:27 ===
POST: Array
(
    [action] => sync
    [cart] => [{"id":6,"name":"BuildTuff Hollow Blocks (4x8x16 in)","price":"18.00","quantity":1}]
)

GET: Array
(
)


=== New Request at 2025-11-02 06:11:00 ===
POST: Array
(
    [action] => get
)

GET: Array
(
)


=== New Request at 2025-11-02 06:11:00 ===
POST: Array
(
    [action] => sync
    [cart] => []
)

GET: Array
(
)


=== New Request at 2025-11-02 06:11:00 ===
POST: Array
(
    [action] => sync
    [cart] => []
)

GET: Array
(
)


=== New Request at 2025-11-02 06:11:02 ===
POST: Array
(
    [action] => add
    [product_id] => 10
    [quantity] => 1
)

GET: Array
(
)


=== New Request at 2025-11-02 06:11:02 ===
POST: Array
(
    [action] => get
)

GET: Array
(
)


=== New Request at 2025-11-02 06:11:02 ===
POST: Array
(
    [action] => sync
    [cart] => [{"id":10,"name":"CemX Ready-Mix Concrete (1m³)","price":"4200.00","quantity":1}]
)

GET: Array
(
)


=== New Request at 2025-11-02 06:11:15 ===
POST: Array
(
    [action] => sync
    [cart] => []
)

GET: Array
(
)


=== New Request at 2025-11-02 06:11:15 ===
POST: Array
(
    [action] => get
)

GET: Array
(
)


=== New Request at 2025-11-02 06:11:15 ===
POST: Array
(
    [action] => sync
    [cart] => []
)

GET: Array
(
)


=== New Request at 2025-11-02 07:38:40 ===
POST: Array
(
    [action] => add
    [product_id] => 7
    [quantity] => 1
)

GET: Array
(
)


=== New Request at 2025-11-02 07:38:40 ===
POST: Array
(
    [action] => get
)

GET: Array
(
)


=== New Request at 2025-11-02 07:38:40 ===
POST: Array
(
    [action] => sync
    [cart] => [{"id":7,"name":"Duracore Safety Helmet — Yellow","price":"295.00","quantity":1}]
)

GET: Array
(
)


=== New Request at 2025-11-02 07:39:08 ===
POST: Array
(
    [action] => sync
    [cart] => []
)

GET: Array
(
)


=== New Request at 2025-11-02 07:39:08 ===
POST: Array
(
    [action] => get
)

GET: Array
(
)


=== New Request at 2025-11-02 07:39:08 ===
POST: Array
(
    [action] => sync
    [cart] => []
)

GET: Array
(
)


=== New Request at 2025-11-02 07:40:35 ===
POST: Array
(
    [action] => add
    [product_id] => 10
    [quantity] => 1
)

GET: Array
(
)


=== New Request at 2025-11-02 07:40:36 ===
POST: Array
(
    [action] => get
)

GET: Array
(
)


=== New Request at 2025-11-02 07:40:36 ===
POST: Array
(
    [action] => sync
    [cart] => [{"id":10,"name":"CemX Ready-Mix Concrete (1m³)","price":"4200.00","quantity":1}]
)

GET: Array
(
)


=== New Request at 2025-11-02 07:47:48 ===
POST: Array
(
    [action] => sync
    [cart] => []
)

GET: Array
(
)


=== New Request at 2025-11-02 07:47:48 ===
POST: Array
(
    [action] => get
)

GET: Array
(
)


=== New Request at 2025-11-02 07:47:48 ===
POST: Array
(
    [action] => sync
    [cart] => []
)

GET: Array
(
)


=== New Request at 2025-11-02 07:47:56 ===
POST: Array
(
    [action] => sync
    [cart] => []
)

GET: Array
(
)


=== New Request at 2025-11-02 07:47:56 ===
POST: Array
(
    [action] => get
)

GET: Array
(
)


=== New Request at 2025-11-02 07:47:56 ===
POST: Array
(
    [action] => sync
    [cart] => []
)

GET: Array
(
)


=== New Request at 2025-11-02 07:48:10 ===
POST: Array
(
    [action] => get
)

GET: Array
(
)


=== New Request at 2025-11-02 07:48:10 ===
POST: Array
(
    [action] => sync
    [cart] => []
)

GET: Array
(
)


=== New Request at 2025-11-02 07:48:10 ===
POST: Array
(
    [action] => sync
    [cart] => []
)

GET: Array
(
)


=== New Request at 2025-11-02 07:48:30 ===
POST: Array
(
    [action] => get
)

GET: Array
(
)


=== New Request at 2025-11-02 07:48:30 ===
POST: Array
(
    [action] => sync
    [cart] => []
)

GET: Array
(
)


=== New Request at 2025-11-02 07:48:30 ===
POST: Array
(
    [action] => sync
    [cart] => []
)

GET: Array
(
)


=== New Request at 2025-11-02 07:51:16 ===
POST: Array
(
    [action] => sync
    [cart] => []
)

GET: Array
(
)


=== New Request at 2025-11-02 07:51:16 ===
POST: Array
(
    [action] => get
)

GET: Array
(
)


=== New Request at 2025-11-02 07:51:16 ===
POST: Array
(
    [action] => sync
    [cart] => []
)

GET: Array
(
)


=== New Request at 2025-11-02 07:51:19 ===
POST: Array
(
    [action] => sync
    [cart] => []
)

GET: Array
(
)


=== New Request at 2025-11-02 07:51:19 ===
POST: Array
(
    [action] => get
)

GET: Array
(
)


=== New Request at 2025-11-02 07:51:19 ===
POST: Array
(
    [action] => sync
    [cart] => []
)

GET: Array
(
)


=== New Request at 2025-11-02 07:51:34 ===
POST: Array
(
    [action] => get
)

GET: Array
(
)


=== New Request at 2025-11-02 07:51:34 ===
POST: Array
(
    [action] => sync
    [cart] => []
)

GET: Array
(
)


=== New Request at 2025-11-02 07:51:34 ===
POST: Array
(
    [action] => sync
    [cart] => []
)

GET: Array
(
)


=== New Request at 2025-11-02 07:51:54 ===
POST: Array
(
    [action] => sync
    [cart] => []
)

GET: Array
(
)


=== New Request at 2025-11-02 07:51:54 ===
POST: Array
(
    [action] => get
)

GET: Array
(
)


=== New Request at 2025-11-02 07:51:54 ===
POST: Array
(
    [action] => sync
    [cart] => []
)

GET: Array
(
)


=== New Request at 2025-11-12 11:47:59 ===
POST: Array
(
    [action] => sync
    [cart] => []
)

GET: Array
(
)


=== New Request at 2025-11-12 11:47:59 ===
POST: Array
(
    [action] => get
)

GET: Array
(
)


=== New Request at 2025-11-12 11:47:59 ===
POST: Array
(
    [action] => sync
    [cart] => []
)

GET: Array
(
)


=== New Request at 2025-11-12 11:48:11 ===
POST: Array
(
    [action] => get
)

GET: Array
(
)


=== New Request at 2025-11-12 11:48:11 ===
POST: Array
(
    [action] => sync
    [cart] => []
)

GET: Array
(
)


=== New Request at 2025-11-12 11:48:11 ===
POST: Array
(
    [action] => sync
    [cart] => []
)

GET: Array
(
)


=== New Request at 2025-11-12 11:50:27 ===
POST: Array
(
    [action] => get
)

GET: Array
(
)


=== New Request at 2025-11-12 11:50:27 ===
POST: Array
(
    [action] => sync
    [cart] => []
)

GET: Array
(
)


=== New Request at 2025-11-12 11:50:28 ===
POST: Array
(
    [action] => sync
    [cart] => []
)

GET: Array
(
)


=== New Request at 2025-11-12 11:53:47 ===
POST: Array
(
    [action] => sync
    [cart] => []
)

GET: Array
(
)


=== New Request at 2025-11-12 11:53:47 ===
POST: Array
(
    [action] => get
)

GET: Array
(
)


=== New Request at 2025-11-12 11:53:47 ===
POST: Array
(
    [action] => sync
    [cart] => []
)

GET: Array
(
)


=== New Request at 2025-11-12 11:54:56 ===
POST: Array
(
    [action] => sync
    [cart] => []
)

GET: Array
(
)


=== New Request at 2025-11-12 11:54:56 ===
POST: Array
(
    [action] => get
)

GET: Array
(
)


=== New Request at 2025-11-12 11:54:56 ===
POST: Array
(
    [action] => sync
    [cart] => []
)

GET: Array
(
)


=== New Request at 2025-11-12 11:55:09 ===
POST: Array
(
    [action] => sync
    [cart] => []
)

GET: Array
(
)


=== New Request at 2025-11-12 11:55:09 ===
POST: Array
(
    [action] => get
)

GET: Array
(
)


=== New Request at 2025-11-12 11:55:09 ===
POST: Array
(
    [action] => sync
    [cart] => []
)

GET: Array
(
)


=== New Request at 2025-11-12 11:58:07 ===
POST: Array
(
    [action] => sync
    [cart] => []
)

GET: Array
(
)


=== New Request at 2025-11-12 11:58:07 ===
POST: Array
(
    [action] => get
)

GET: Array
(
)


=== New Request at 2025-11-12 11:58:07 ===
POST: Array
(
    [action] => sync
    [cart] => []
)

GET: Array
(
)


=== New Request at 2025-11-12 12:01:38 ===
POST: Array
(
    [action] => get
)

GET: Array
(
)


=== New Request at 2025-11-12 12:01:38 ===
POST: Array
(
    [action] => sync
    [cart] => []
)

GET: Array
(
)


=== New Request at 2025-11-12 12:01:38 ===
POST: Array
(
    [action] => sync
    [cart] => []
)

GET: Array
(
)


=== New Request at 2025-11-12 12:01:58 ===
POST: Array
(
    [action] => get
)

GET: Array
(
)


=== New Request at 2025-11-12 12:01:58 ===
POST: Array
(
    [action] => sync
    [cart] => []
)

GET: Array
(
)


=== New Request at 2025-11-12 12:01:58 ===
POST: Array
(
    [action] => sync
    [cart] => []
)

GET: Array
(
)


=== New Request at 2025-11-12 12:03:11 ===
POST: Array
(
    [action] => sync
    [cart] => []
)

GET: Array
(
)


=== New Request at 2025-11-12 12:03:11 ===
POST: Array
(
    [action] => get
)

GET: Array
(
)


=== New Request at 2025-11-12 12:03:11 ===
POST: Array
(
    [action] => sync
    [cart] => []
)

GET: Array
(
)


=== New Request at 2025-11-12 12:03:25 ===
POST: Array
(
    [action] => sync
    [cart] => []
)

GET: Array
(
)


=== New Request at 2025-11-12 12:03:25 ===
POST: Array
(
    [action] => get
)

GET: Array
(
)


=== New Request at 2025-11-12 12:03:25 ===
POST: Array
(
    [action] => sync
    [cart] => []
)

GET: Array
(
)


=== New Request at 2025-11-12 12:03:29 ===
POST: Array
(
    [action] => sync
    [cart] => []
)

GET: Array
(
)


=== New Request at 2025-11-12 12:03:29 ===
POST: Array
(
    [action] => get
)

GET: Array
(
)


=== New Request at 2025-11-12 12:03:29 ===
POST: Array
(
    [action] => sync
    [cart] => []
)

GET: Array
(
)


=== New Request at 2025-11-12 12:06:29 ===
POST: Array
(
    [action] => sync
    [cart] => []
)

GET: Array
(
)


=== New Request at 2025-11-12 12:06:29 ===
POST: Array
(
    [action] => get
)

GET: Array
(
)


=== New Request at 2025-11-12 12:06:29 ===
POST: Array
(
    [action] => sync
    [cart] => []
)

GET: Array
(
)


=== New Request at 2025-11-12 12:08:37 ===
POST: Array
(
    [action] => get
)

GET: Array
(
)


=== New Request at 2025-11-12 12:08:37 ===
POST: Array
(
    [action] => sync
    [cart] => []
)

GET: Array
(
)


=== New Request at 2025-11-12 12:08:37 ===
POST: Array
(
    [action] => sync
    [cart] => []
)

GET: Array
(
)


=== New Request at 2025-11-12 12:09:19 ===
POST: Array
(
    [action] => sync
    [cart] => []
)

GET: Array
(
)


=== New Request at 2025-11-12 12:09:19 ===
POST: Array
(
    [action] => get
)

GET: Array
(
)


=== New Request at 2025-11-12 12:09:19 ===
POST: Array
(
    [action] => sync
    [cart] => []
)

GET: Array
(
)


=== New Request at 2025-11-12 12:09:36 ===
POST: Array
(
    [action] => sync
    [cart] => []
)

GET: Array
(
)


=== New Request at 2025-11-12 12:09:36 ===
POST: Array
(
    [action] => get
)

GET: Array
(
)


=== New Request at 2025-11-12 12:09:36 ===
POST: Array
(
    [action] => sync
    [cart] => []
)

GET: Array
(
)


=== New Request at 2025-11-12 13:46:15 ===
POST: Array
(
    [action] => get
)

GET: Array
(
)


=== New Request at 2025-11-12 13:46:15 ===
POST: Array
(
    [action] => sync
    [cart] => []
)

GET: Array
(
)


=== New Request at 2025-11-12 13:46:15 ===
POST: Array
(
    [action] => sync
    [cart] => []
)

GET: Array
(
)


=== New Request at 2025-11-12 13:46:32 ===
POST: Array
(
    [action] => sync
    [cart] => []
)

GET: Array
(
)


=== New Request at 2025-11-12 13:46:32 ===
POST: Array
(
    [action] => get
)

GET: Array
(
)


=== New Request at 2025-11-12 13:46:32 ===
POST: Array
(
    [action] => sync
    [cart] => []
)

GET: Array
(
)


=== New Request at 2025-11-12 13:46:34 ===
POST: Array
(
    [action] => sync
    [cart] => []
)

GET: Array
(
)


=== New Request at 2025-11-12 13:46:34 ===
POST: Array
(
    [action] => get
)

GET: Array
(
)


=== New Request at 2025-11-12 13:46:34 ===
POST: Array
(
    [action] => sync
    [cart] => []
)

GET: Array
(
)


=== New Request at 2025-11-12 13:46:46 ===
POST: Array
(
    [action] => sync
    [cart] => []
)

GET: Array
(
)


=== New Request at 2025-11-12 13:46:46 ===
POST: Array
(
    [action] => get
)

GET: Array
(
)


=== New Request at 2025-11-12 13:46:46 ===
POST: Array
(
    [action] => sync
    [cart] => []
)

GET: Array
(
)


=== New Request at 2025-11-12 13:47:17 ===
POST: Array
(
    [action] => get
)

GET: Array
(
)


=== New Request at 2025-11-12 13:47:17 ===
POST: Array
(
    [action] => sync
    [cart] => []
)

GET: Array
(
)


=== New Request at 2025-11-12 13:47:17 ===
POST: Array
(
    [action] => sync
    [cart] => []
)

GET: Array
(
)


=== New Request at 2025-11-12 13:47:32 ===
POST: Array
(
    [action] => sync
    [cart] => []
)

GET: Array
(
)


=== New Request at 2025-11-12 13:47:32 ===
POST: Array
(
    [action] => get
)

GET: Array
(
)


=== New Request at 2025-11-12 13:47:32 ===
POST: Array
(
    [action] => sync
    [cart] => []
)

GET: Array
(
)


=== New Request at 2025-11-12 13:47:34 ===
POST: Array
(
    [action] => sync
    [cart] => []
)

GET: Array
(
)


=== New Request at 2025-11-12 13:47:34 ===
POST: Array
(
    [action] => get
)

GET: Array
(
)


=== New Request at 2025-11-12 13:47:34 ===
POST: Array
(
    [action] => sync
    [cart] => []
)

GET: Array
(
)


=== New Request at 2025-11-12 13:47:38 ===
POST: Array
(
    [action] => sync
    [cart] => []
)

GET: Array
(
)


=== New Request at 2025-11-12 13:47:38 ===
POST: Array
(
    [action] => get
)

GET: Array
(
)


=== New Request at 2025-11-12 13:47:38 ===
POST: Array
(
    [action] => sync
    [cart] => []
)

GET: Array
(
)


=== New Request at 2025-11-12 13:59:15 ===
POST: Array
(
    [action] => sync
    [cart] => []
)

GET: Array
(
)


=== New Request at 2025-11-12 13:59:15 ===
POST: Array
(
    [action] => get
)

GET: Array
(
)


=== New Request at 2025-11-12 13:59:16 ===
POST: Array
(
    [action] => sync
    [cart] => []
)

GET: Array
(
)


=== New Request at 2025-11-12 14:06:55 ===
POST: Array
(
    [action] => sync
    [cart] => []
)

GET: Array
(
)


=== New Request at 2025-11-12 14:06:55 ===
POST: Array
(
    [action] => get
)

GET: Array
(
)


=== New Request at 2025-11-12 14:06:55 ===
POST: Array
(
    [action] => sync
    [cart] => []
)

GET: Array
(
)


=== New Request at 2025-11-12 14:10:24 ===
POST: Array
(
    [action] => sync
    [cart] => []
)

GET: Array
(
)


=== New Request at 2025-11-12 14:10:24 ===
POST: Array
(
    [action] => get
)

GET: Array
(
)


=== New Request at 2025-11-12 14:10:24 ===
POST: Array
(
    [action] => sync
    [cart] => []
)

GET: Array
(
)


=== New Request at 2025-11-12 14:13:19 ===
POST: Array
(
    [action] => sync
    [cart] => []
)

GET: Array
(
)


=== New Request at 2025-11-12 14:13:19 ===
POST: Array
(
    [action] => get
)

GET: Array
(
)


=== New Request at 2025-11-12 14:13:19 ===
POST: Array
(
    [action] => sync
    [cart] => []
)

GET: Array
(
)


=== New Request at 2025-11-12 14:13:32 ===
POST: Array
(
    [action] => sync
    [cart] => []
)

GET: Array
(
)


=== New Request at 2025-11-12 14:13:32 ===
POST: Array
(
    [action] => get
)

GET: Array
(
)


=== New Request at 2025-11-12 14:13:32 ===
POST: Array
(
    [action] => sync
    [cart] => []
)

GET: Array
(
)


=== New Request at 2025-11-12 14:13:37 ===
POST: Array
(
    [action] => sync
    [cart] => []
)

GET: Array
(
)


=== New Request at 2025-11-12 14:13:37 ===
POST: Array
(
    [action] => get
)

GET: Array
(
)


=== New Request at 2025-11-12 14:13:37 ===
POST: Array
(
    [action] => sync
    [cart] => []
)

GET: Array
(
)


=== New Request at 2025-11-12 14:16:21 ===
POST: Array
(
    [action] => get
)

GET: Array
(
)


=== New Request at 2025-11-12 14:16:21 ===
POST: Array
(
    [action] => sync
    [cart] => []
)

GET: Array
(
)


=== New Request at 2025-11-12 14:16:21 ===
POST: Array
(
    [action] => sync
    [cart] => []
)

GET: Array
(
)


=== New Request at 2025-11-12 14:16:28 ===
POST: Array
(
    [action] => get
)

GET: Array
(
)


=== New Request at 2025-11-12 14:16:28 ===
POST: Array
(
    [action] => sync
    [cart] => []
)

GET: Array
(
)


=== New Request at 2025-11-12 14:16:28 ===
POST: Array
(
    [action] => sync
    [cart] => []
)

GET: Array
(
)


=== New Request at 2025-11-12 14:16:34 ===
POST: Array
(
    [action] => sync
    [cart] => []
)

GET: Array
(
)


=== New Request at 2025-11-12 14:16:34 ===
POST: Array
(
    [action] => get
)

GET: Array
(
)


=== New Request at 2025-11-12 14:16:34 ===
POST: Array
(
    [action] => sync
    [cart] => []
)

GET: Array
(
)


=== New Request at 2025-11-12 14:16:45 ===
POST: Array
(
    [action] => sync
    [cart] => []
)

GET: Array
(
)


=== New Request at 2025-11-12 14:16:45 ===
POST: Array
(
    [action] => get
)

GET: Array
(
)


=== New Request at 2025-11-12 14:16:45 ===
POST: Array
(
    [action] => sync
    [cart] => []
)

GET: Array
(
)


=== New Request at 2025-11-12 14:20:36 ===
POST: Array
(
    [action] => sync
    [cart] => []
)

GET: Array
(
)


=== New Request at 2025-11-12 14:20:36 ===
POST: Array
(
    [action] => get
)

GET: Array
(
)


=== New Request at 2025-11-12 14:20:37 ===
POST: Array
(
    [action] => sync
    [cart] => []
)

GET: Array
(
)


=== New Request at 2025-11-12 14:22:31 ===
POST: Array
(
    [action] => get
)

GET: Array
(
)


=== New Request at 2025-11-12 14:22:31 ===
POST: Array
(
    [action] => sync
    [cart] => []
)

GET: Array
(
)


=== New Request at 2025-11-12 14:22:32 ===
POST: Array
(
    [action] => sync
    [cart] => []
)

GET: Array
(
)


=== New Request at 2025-11-12 14:22:55 ===
POST: Array
(
    [action] => sync
    [cart] => []
)

GET: Array
(
)


=== New Request at 2025-11-12 14:22:55 ===
POST: Array
(
    [action] => get
)

GET: Array
(
)


=== New Request at 2025-11-12 14:22:55 ===
POST: Array
(
    [action] => sync
    [cart] => []
)

GET: Array
(
)


=== New Request at 2025-11-12 14:23:10 ===
POST: Array
(
    [action] => sync
    [cart] => []
)

GET: Array
(
)


=== New Request at 2025-11-12 14:23:10 ===
POST: Array
(
    [action] => get
)

GET: Array
(
)


=== New Request at 2025-11-12 14:23:10 ===
POST: Array
(
    [action] => sync
    [cart] => []
)

GET: Array
(
)


