=== New Request at 2025-11-02 07:57:10 ===
POST: Array
(
    [action] => sync
    [cart] => []
)

GET: Array
(
)


=== New Request at 2025-11-02 07:57:10 ===
POST: Array
(
    [action] => get
)

GET: Array
(
)


=== New Request at 2025-11-02 07:57:10 ===
POST: Array
(
    [action] => sync
    [cart] => []
)

GET: Array
(
)


=== New Request at 2025-11-02 07:57:28 ===
POST: Array
(
    [action] => sync
    [cart] => []
)

GET: Array
(
)


=== New Request at 2025-11-02 07:57:28 ===
POST: Array
(
    [action] => get
)

GET: Array
(
)


=== New Request at 2025-11-02 07:57:28 ===
POST: Array
(
    [action] => sync
    [cart] => []
)

GET: Array
(
)


=== New Request at 2025-11-02 07:57:59 ===
POST: Array
(
    [action] => get
)

GET: Array
(
)


=== New Request at 2025-11-02 07:57:59 ===
POST: Array
(
    [action] => sync
    [cart] => []
)

GET: Array
(
)


=== New Request at 2025-11-02 07:57:59 ===
POST: Array
(
    [action] => sync
    [cart] => []
)

GET: Array
(
)


=== New Request at 2025-11-02 07:58:10 ===
POST: Array
(
    [action] => add
    [product_id] => 10
    [quantity] => 1
)

GET: Array
(
)


=== New Request at 2025-11-02 07:58:10 ===
POST: Array
(
    [action] => get
)

GET: Array
(
)


=== New Request at 2025-11-02 07:58:10 ===
POST: Array
(
    [action] => sync
    [cart] => [{"id":10,"name":"CemX Ready-Mix Concrete (1m³)","price":"4200.00","quantity":1}]
)

GET: Array
(
)


=== New Request at 2025-11-02 07:58:29 ===
POST: Array
(
    [action] => sync
    [cart] => []
)

GET: Array
(
)


=== New Request at 2025-11-02 07:58:29 ===
POST: Array
(
    [action] => get
)

GET: Array
(
)


=== New Request at 2025-11-02 07:58:29 ===
POST: Array
(
    [action] => sync
    [cart] => []
)

GET: Array
(
)


=== New Request at 2025-11-02 07:58:57 ===
POST: Array
(
    [action] => sync
    [cart] => []
)

GET: Array
(
)


=== New Request at 2025-11-02 07:58:57 ===
POST: Array
(
    [action] => get
)

GET: Array
(
)


=== New Request at 2025-11-02 07:58:57 ===
POST: Array
(
    [action] => sync
    [cart] => []
)

GET: Array
(
)


=== New Request at 2025-11-02 07:58:59 ===
POST: Array
(
    [action] => add
    [product_id] => 10
    [quantity] => 1
)

GET: Array
(
)


=== New Request at 2025-11-02 07:58:59 ===
POST: Array
(
    [action] => get
)

GET: Array
(
)


=== New Request at 2025-11-02 07:58:59 ===
POST: Array
(
    [action] => sync
    [cart] => [{"id":10,"name":"CemX Ready-Mix Concrete (1m³)","price":"4200.00","quantity":1}]
)

GET: Array
(
)


=== New Request at 2025-11-02 07:59:15 ===
POST: Array
(
    [action] => sync
    [cart] => []
)

GET: Array
(
)


=== New Request at 2025-11-02 07:59:15 ===
POST: Array
(
    [action] => get
)

GET: Array
(
)


=== New Request at 2025-11-02 07:59:15 ===
POST: Array
(
    [action] => sync
    [cart] => []
)

GET: Array
(
)


SESSION DATA: Array
(
    [user_id] => 2
    [email] => kyle@mjiphil.com
    [role] => admin
    [name] => Kyle
)

=== New Request at 2025-11-02 08:20:41 ===
POST: Array
(
    [action] => sync
    [cart] => []
)

GET: Array
(
)


SESSION DATA: Array
(
    [user_id] => 2
    [email] => kyle@mjiphil.com
    [role] => admin
    [name] => Kyle
)

=== New Request at 2025-11-02 08:20:41 ===
POST: Array
(
    [action] => get
)

GET: Array
(
)


SESSION DATA: Array
(
    [user_id] => 2
    [email] => kyle@mjiphil.com
    [role] => admin
    [name] => Kyle
)

=== New Request at 2025-11-02 08:20:41 ===
POST: Array
(
    [action] => sync
    [cart] => []
)

GET: Array
(
)


SESSION DATA: Array
(
    [user_id] => 2
    [email] => kyle@mjiphil.com
    [role] => admin
    [name] => Kyle
)

=== New Request at 2025-11-02 08:20:44 ===
POST: Array
(
    [action] => add
    [product_id] => 10
    [quantity] => 1
)

GET: Array
(
)


SESSION DATA: Array
(
    [user_id] => 2
    [email] => kyle@mjiphil.com
    [role] => admin
    [name] => Kyle
)

=== New Request at 2025-11-02 08:20:44 ===
POST: Array
(
    [action] => get
)

GET: Array
(
)


SESSION DATA: Array
(
    [user_id] => 2
    [email] => kyle@mjiphil.com
    [role] => admin
    [name] => Kyle
)

=== New Request at 2025-11-02 08:20:44 ===
POST: Array
(
    [action] => sync
    [cart] => [{"id":10,"name":"CemX Ready-Mix Concrete (1m³)","price":"4200.00","quantity":1}]
)

GET: Array
(
)


SESSION DATA: Array
(
    [user_id] => 2
    [email] => kyle@mjiphil.com
    [role] => admin
    [name] => Kyle
)

=== New Request at 2025-11-02 08:20:49 ===
POST: Array
(
    [action] => sync
    [cart] => []
)

GET: Array
(
)


SESSION DATA: Array
(
    [user_id] => 2
    [email] => kyle@mjiphil.com
    [role] => admin
    [name] => Kyle
)

=== New Request at 2025-11-02 08:20:49 ===
POST: Array
(
    [action] => get
)

GET: Array
(
)


SESSION DATA: Array
(
    [user_id] => 2
    [email] => kyle@mjiphil.com
    [role] => admin
    [name] => Kyle
)

=== New Request at 2025-11-02 08:20:49 ===
POST: Array
(
    [action] => sync
    [cart] => []
)

GET: Array
(
)


SESSION DATA: Array
(
    [user_id] => 2
    [email] => kyle@mjiphil.com
    [role] => admin
    [name] => Kyle
)

=== New Request at 2025-11-02 08:23:17 ===
POST: Array
(
    [action] => get
)

GET: Array
(
)


SESSION DATA: Array
(
    [user_id] => 2
    [email] => kyle@mjiphil.com
    [role] => admin
    [name] => Kyle
)

=== New Request at 2025-11-02 08:23:17 ===
POST: Array
(
    [action] => get
)

GET: Array
(
)


SESSION DATA: Array
(
    [user_id] => 2
    [email] => kyle@mjiphil.com
    [role] => admin
    [name] => Kyle
)

=== New Request at 2025-11-02 08:23:17 ===
POST: Array
(
    [action] => sync
    [cart] => []
)

GET: Array
(
)


SESSION DATA: Array
(
    [user_id] => 2
    [email] => kyle@mjiphil.com
    [role] => admin
    [name] => Kyle
)

=== New Request at 2025-11-02 08:23:17 ===
POST: Array
(
    [action] => sync
    [cart] => []
)

GET: Array
(
)


SESSION DATA: Array
(
    [user_id] => 2
    [email] => kyle@mjiphil.com
    [role] => admin
    [name] => Kyle
)

=== New Request at 2025-11-02 08:23:17 ===
POST: Array
(
    [action] => sync
    [cart] => []
)

GET: Array
(
)


SESSION DATA: Array
(
    [user_id] => 2
    [email] => kyle@mjiphil.com
    [role] => admin
    [name] => Kyle
)

=== New Request at 2025-11-02 08:23:20 ===
POST: Array
(
    [action] => add
    [product_id] => 10
    [quantity] => 1
)

GET: Array
(
)


SESSION DATA: Array
(
    [user_id] => 2
    [email] => kyle@mjiphil.com
    [role] => admin
    [name] => Kyle
)

=== New Request at 2025-11-02 08:23:20 ===
POST: Array
(
    [action] => get
)

GET: Array
(
)


SESSION DATA: Array
(
    [user_id] => 2
    [email] => kyle@mjiphil.com
    [role] => admin
    [name] => Kyle
)

=== New Request at 2025-11-02 08:23:20 ===
POST: Array
(
    [action] => sync
    [cart] => [{"id":10,"name":"CemX Ready-Mix Concrete (1m³)","price":"4200.00","quantity":1}]
)

GET: Array
(
)


SESSION DATA: Array
(
    [user_id] => 2
    [email] => kyle@mjiphil.com
    [role] => admin
    [name] => Kyle
)

=== New Request at 2025-11-02 08:23:22 ===
POST: Array
(
    [action] => get
)

GET: Array
(
)


SESSION DATA: Array
(
    [user_id] => 2
    [email] => kyle@mjiphil.com
    [role] => admin
    [name] => Kyle
)

=== New Request at 2025-11-02 08:23:22 ===
POST: Array
(
    [action] => get
)

GET: Array
(
)


SESSION DATA: Array
(
    [user_id] => 2
    [email] => kyle@mjiphil.com
    [role] => admin
    [name] => Kyle
)

=== New Request at 2025-11-02 08:23:22 ===
POST: Array
(
    [action] => sync
    [cart] => [{"id":10,"name":"CemX Ready-Mix Concrete (1m³)","price":"4200.00","quantity":1}]
)

GET: Array
(
)


SESSION DATA: Array
(
    [user_id] => 2
    [email] => kyle@mjiphil.com
    [role] => admin
    [name] => Kyle
)

=== New Request at 2025-11-02 08:23:22 ===
POST: Array
(
    [action] => sync
    [cart] => [{"id":10,"name":"CemX Ready-Mix Concrete (1m³)","price":"4200.00","quantity":1}]
)

GET: Array
(
)


SESSION DATA: Array
(
    [user_id] => 2
    [email] => kyle@mjiphil.com
    [role] => admin
    [name] => Kyle
)

=== New Request at 2025-11-02 08:23:22 ===
POST: Array
(
    [action] => sync
    [cart] => [{"id":10,"name":"CemX Ready-Mix Concrete (1m³)","price":"4200.00","quantity":1}]
)

GET: Array
(
)


SESSION DATA: Array
(
    [user_id] => 2
    [email] => kyle@mjiphil.com
    [role] => admin
    [name] => Kyle
)

=== New Request at 2025-11-02 08:24:41 ===
POST: Array
(
    [action] => add
    [product_id] => 10
    [quantity] => 1
)

GET: Array
(
)


SESSION DATA: Array
(
    [user_id] => 2
    [email] => kyle@mjiphil.com
    [role] => admin
    [name] => Kyle
)

=== New Request at 2025-11-02 08:24:41 ===
POST: Array
(
    [action] => get
)

GET: Array
(
)


SESSION DATA: Array
(
    [user_id] => 2
    [email] => kyle@mjiphil.com
    [role] => admin
    [name] => Kyle
)

=== New Request at 2025-11-02 08:24:41 ===
POST: Array
(
    [action] => sync
    [cart] => [{"id":10,"name":"CemX Ready-Mix Concrete (1m³)","price":"4200.00","quantity":2}]
)

GET: Array
(
)


SESSION DATA: Array
(
    [user_id] => 2
    [email] => kyle@mjiphil.com
    [role] => admin
    [name] => Kyle
)

=== New Request at 2025-11-02 08:27:49 ===
POST: Array
(
    [action] => get
)

GET: Array
(
)


SESSION DATA: Array
(
    [user_id] => 2
    [email] => kyle@mjiphil.com
    [role] => admin
    [name] => Kyle
)

=== New Request at 2025-11-02 08:27:49 ===
POST: Array
(
    [action] => get
)

GET: Array
(
)


SESSION DATA: Array
(
    [user_id] => 2
    [email] => kyle@mjiphil.com
    [role] => admin
    [name] => Kyle
)

=== New Request at 2025-11-02 08:27:49 ===
POST: Array
(
    [action] => sync
    [cart] => [{"id":10,"name":"CemX Ready-Mix Concrete (1m³)","price":"4200.00","quantity":2}]
)

GET: Array
(
)


SESSION DATA: Array
(
    [user_id] => 2
    [email] => kyle@mjiphil.com
    [role] => admin
    [name] => Kyle
)

=== New Request at 2025-11-02 08:27:49 ===
POST: Array
(
    [action] => sync
    [cart] => [{"id":10,"name":"CemX Ready-Mix Concrete (1m³)","price":"4200.00","quantity":2}]
)

GET: Array
(
)


SESSION DATA: Array
(
    [user_id] => 2
    [email] => kyle@mjiphil.com
    [role] => admin
    [name] => Kyle
)

=== New Request at 2025-11-02 08:27:49 ===
POST: Array
(
    [action] => sync
    [cart] => [{"id":10,"name":"CemX Ready-Mix Concrete (1m³)","price":"4200.00","quantity":2}]
)

GET: Array
(
)


SESSION DATA: Array
(
    [user_id] => 2
    [email] => kyle@mjiphil.com
    [role] => admin
    [name] => Kyle
)

=== New Request at 2025-11-02 08:27:56 ===
POST: Array
(
    [action] => update
    [product_id] => 10
    [quantity] => 3
)

GET: Array
(
)


SESSION DATA: Array
(
    [user_id] => 2
    [email] => kyle@mjiphil.com
    [role] => admin
    [name] => Kyle
)

=== New Request at 2025-11-02 08:27:56 ===
POST: Array
(
    [action] => get
)

GET: Array
(
)


SESSION DATA: Array
(
    [user_id] => 2
    [email] => kyle@mjiphil.com
    [role] => admin
    [name] => Kyle
)

=== New Request at 2025-11-02 08:27:56 ===
POST: Array
(
    [action] => sync
    [cart] => [{"id":10,"name":"CemX Ready-Mix Concrete (1m³)","price":"4200.00","quantity":3}]
)

GET: Array
(
)


SESSION DATA: Array
(
    [user_id] => 2
    [email] => kyle@mjiphil.com
    [role] => admin
    [name] => Kyle
)

=== New Request at 2025-11-02 08:27:57 ===
POST: Array
(
    [action] => update
    [product_id] => 10
    [quantity] => 4
)

GET: Array
(
)


SESSION DATA: Array
(
    [user_id] => 2
    [email] => kyle@mjiphil.com
    [role] => admin
    [name] => Kyle
)

=== New Request at 2025-11-02 08:27:57 ===
POST: Array
(
    [action] => get
)

GET: Array
(
)


SESSION DATA: Array
(
    [user_id] => 2
    [email] => kyle@mjiphil.com
    [role] => admin
    [name] => Kyle
)

=== New Request at 2025-11-02 08:27:57 ===
POST: Array
(
    [action] => sync
    [cart] => [{"id":10,"name":"CemX Ready-Mix Concrete (1m³)","price":"4200.00","quantity":4}]
)

GET: Array
(
)


SESSION DATA: Array
(
    [user_id] => 2
    [email] => kyle@mjiphil.com
    [role] => admin
    [name] => Kyle
)

=== New Request at 2025-11-02 08:28:00 ===
POST: Array
(
    [action] => get
)

GET: Array
(
)


SESSION DATA: Array
(
    [user_id] => 2
    [email] => kyle@mjiphil.com
    [role] => admin
    [name] => Kyle
)

=== New Request at 2025-11-02 08:28:00 ===
POST: Array
(
    [action] => get
)

GET: Array
(
)


SESSION DATA: Array
(
    [user_id] => 2
    [email] => kyle@mjiphil.com
    [role] => admin
    [name] => Kyle
)

=== New Request at 2025-11-02 08:28:00 ===
POST: Array
(
    [action] => sync
    [cart] => [{"id":10,"name":"CemX Ready-Mix Concrete (1m³)","price":"4200.00","quantity":4}]
)

GET: Array
(
)


SESSION DATA: Array
(
    [user_id] => 2
    [email] => kyle@mjiphil.com
    [role] => admin
    [name] => Kyle
)

=== New Request at 2025-11-02 08:28:00 ===
POST: Array
(
    [action] => sync
    [cart] => [{"id":10,"name":"CemX Ready-Mix Concrete (1m³)","price":"4200.00","quantity":4}]
)

GET: Array
(
)


SESSION DATA: Array
(
    [user_id] => 2
    [email] => kyle@mjiphil.com
    [role] => admin
    [name] => Kyle
)

=== New Request at 2025-11-02 08:28:00 ===
POST: Array
(
    [action] => sync
    [cart] => [{"id":10,"name":"CemX Ready-Mix Concrete (1m³)","price":"4200.00","quantity":4}]
)

GET: Array
(
)


SESSION DATA: Array
(
    [user_id] => 2
    [email] => kyle@mjiphil.com
    [role] => admin
    [name] => Kyle
)

=== New Request at 2025-11-02 08:28:13 ===
POST: Array
(
    [action] => get
)

GET: Array
(
)


SESSION DATA: Array
(
    [user_id] => 2
    [email] => kyle@mjiphil.com
    [role] => admin
    [name] => Kyle
)

=== New Request at 2025-11-02 08:28:13 ===
POST: Array
(
    [action] => get
)

GET: Array
(
)


SESSION DATA: Array
(
    [user_id] => 2
    [email] => kyle@mjiphil.com
    [role] => admin
    [name] => Kyle
)

=== New Request at 2025-11-02 08:28:13 ===
POST: Array
(
    [action] => sync
    [cart] => [{"id":10,"name":"CemX Ready-Mix Concrete (1m³)","price":"4200.00","quantity":4}]
)

GET: Array
(
)


SESSION DATA: Array
(
    [user_id] => 2
    [email] => kyle@mjiphil.com
    [role] => admin
    [name] => Kyle
)

=== New Request at 2025-11-02 08:28:13 ===
POST: Array
(
    [action] => sync
    [cart] => [{"id":10,"name":"CemX Ready-Mix Concrete (1m³)","price":"4200.00","quantity":4}]
)

GET: Array
(
)


SESSION DATA: Array
(
    [user_id] => 2
    [email] => kyle@mjiphil.com
    [role] => admin
    [name] => Kyle
)

=== New Request at 2025-11-02 08:28:13 ===
POST: Array
(
    [action] => sync
    [cart] => [{"id":10,"name":"CemX Ready-Mix Concrete (1m³)","price":"4200.00","quantity":4}]
)

GET: Array
(
)


SESSION DATA: Array
(
    [user_id] => 2
    [email] => kyle@mjiphil.com
    [role] => admin
    [name] => Kyle
)

=== New Request at 2025-11-02 08:30:03 ===
POST: Array
(
    [action] => sync
    [cart] => []
)

GET: Array
(
)


SESSION DATA: Array
(
    [user_id] => 2
    [email] => kyle@mjiphil.com
    [role] => admin
    [name] => Kyle
)

=== New Request at 2025-11-02 08:38:49 ===
POST: Array
(
    [action] => get
)

GET: Array
(
)


SESSION DATA: Array
(
    [user_id] => 2
    [email] => kyle@mjiphil.com
    [role] => admin
    [name] => Kyle
)

=== New Request at 2025-11-02 08:38:49 ===
POST: Array
(
    [action] => get
)

GET: Array
(
)


SESSION DATA: Array
(
    [user_id] => 2
    [email] => kyle@mjiphil.com
    [role] => admin
    [name] => Kyle
)

=== New Request at 2025-11-02 08:38:50 ===
POST: Array
(
    [action] => sync
    [cart] => []
)

GET: Array
(
)


SESSION DATA: Array
(
    [user_id] => 2
    [email] => kyle@mjiphil.com
    [role] => admin
    [name] => Kyle
)

=== New Request at 2025-11-02 08:38:50 ===
POST: Array
(
    [action] => sync
    [cart] => []
)

GET: Array
(
)


SESSION DATA: Array
(
    [user_id] => 2
    [email] => kyle@mjiphil.com
    [role] => admin
    [name] => Kyle
)

=== New Request at 2025-11-02 08:38:50 ===
POST: Array
(
    [action] => sync
    [cart] => []
)

GET: Array
(
)


SESSION DATA: Array
(
    [user_id] => 2
    [email] => kyle@mjiphil.com
    [role] => admin
    [name] => Kyle
)

=== New Request at 2025-11-02 08:39:10 ===
POST: Array
(
    [action] => get
)

GET: Array
(
)


SESSION DATA: Array
(
    [user_id] => 2
    [email] => kyle@mjiphil.com
    [role] => admin
    [name] => Kyle
)

=== New Request at 2025-11-02 08:39:10 ===
POST: Array
(
    [action] => get
)

GET: Array
(
)


SESSION DATA: Array
(
    [user_id] => 2
    [email] => kyle@mjiphil.com
    [role] => admin
    [name] => Kyle
)

=== New Request at 2025-11-02 08:39:10 ===
POST: Array
(
    [action] => sync
    [cart] => []
)

GET: Array
(
)


SESSION DATA: Array
(
    [user_id] => 2
    [email] => kyle@mjiphil.com
    [role] => admin
    [name] => Kyle
)

=== New Request at 2025-11-02 08:39:10 ===
POST: Array
(
    [action] => sync
    [cart] => []
)

GET: Array
(
)


SESSION DATA: Array
(
    [user_id] => 2
    [email] => kyle@mjiphil.com
    [role] => admin
    [name] => Kyle
)

=== New Request at 2025-11-02 08:39:10 ===
POST: Array
(
    [action] => sync
    [cart] => []
)

GET: Array
(
)


SESSION DATA: Array
(
    [user_id] => 2
    [email] => kyle@mjiphil.com
    [role] => admin
    [name] => Kyle
)

=== New Request at 2025-11-02 08:39:13 ===
POST: Array
(
    [action] => add
    [product_id] => 10
    [quantity] => 1
)

GET: Array
(
)


SESSION DATA: Array
(
    [user_id] => 2
    [email] => kyle@mjiphil.com
    [role] => admin
    [name] => Kyle
)

=== New Request at 2025-11-02 08:39:13 ===
POST: Array
(
    [action] => get
)

GET: Array
(
)


SESSION DATA: Array
(
    [user_id] => 2
    [email] => kyle@mjiphil.com
    [role] => admin
    [name] => Kyle
)

=== New Request at 2025-11-02 08:39:13 ===
POST: Array
(
    [action] => sync
    [cart] => [{"id":10,"name":"CemX Ready-Mix Concrete (1m³)","price":"4200.00","quantity":1}]
)

GET: Array
(
)


SESSION DATA: Array
(
    [user_id] => 2
    [email] => kyle@mjiphil.com
    [role] => admin
    [name] => Kyle
)

=== New Request at 2025-11-02 08:40:22 ===
POST: Array
(
    [action] => get
)

GET: Array
(
)


SESSION DATA: Array
(
    [user_id] => 2
    [email] => kyle@mjiphil.com
    [role] => admin
    [name] => Kyle
)

=== New Request at 2025-11-02 08:40:22 ===
POST: Array
(
    [action] => get
)

GET: Array
(
)


SESSION DATA: Array
(
    [user_id] => 2
    [email] => kyle@mjiphil.com
    [role] => admin
    [name] => Kyle
)

=== New Request at 2025-11-02 08:40:22 ===
POST: Array
(
    [action] => sync
    [cart] => [{"id":10,"name":"CemX Ready-Mix Concrete (1m³)","price":"4200.00","quantity":1}]
)

GET: Array
(
)


SESSION DATA: Array
(
    [user_id] => 2
    [email] => kyle@mjiphil.com
    [role] => admin
    [name] => Kyle
)

=== New Request at 2025-11-02 08:40:22 ===
POST: Array
(
    [action] => sync
    [cart] => [{"id":10,"name":"CemX Ready-Mix Concrete (1m³)","price":"4200.00","quantity":1}]
)

GET: Array
(
)


SESSION DATA: Array
(
    [user_id] => 2
    [email] => kyle@mjiphil.com
    [role] => admin
    [name] => Kyle
)

=== New Request at 2025-11-02 08:40:22 ===
POST: Array
(
    [action] => sync
    [cart] => [{"id":10,"name":"CemX Ready-Mix Concrete (1m³)","price":"4200.00","quantity":1}]
)

GET: Array
(
)


SESSION DATA: Array
(
    [user_id] => 2
    [email] => kyle@mjiphil.com
    [role] => admin
    [name] => Kyle
)

=== New Request at 2025-11-02 08:40:27 ===
POST: Array
(
    [action] => get
)

GET: Array
(
)


SESSION DATA: Array
(
    [user_id] => 2
    [email] => kyle@mjiphil.com
    [role] => admin
    [name] => Kyle
)

=== New Request at 2025-11-02 08:40:27 ===
POST: Array
(
    [action] => get
)

GET: Array
(
)


SESSION DATA: Array
(
    [user_id] => 2
    [email] => kyle@mjiphil.com
    [role] => admin
    [name] => Kyle
)

=== New Request at 2025-11-02 08:40:27 ===
POST: Array
(
    [action] => sync
    [cart] => [{"id":10,"name":"CemX Ready-Mix Concrete (1m³)","price":"4200.00","quantity":1}]
)

GET: Array
(
)


SESSION DATA: Array
(
    [user_id] => 2
    [email] => kyle@mjiphil.com
    [role] => admin
    [name] => Kyle
)

=== New Request at 2025-11-02 08:40:27 ===
POST: Array
(
    [action] => sync
    [cart] => [{"id":10,"name":"CemX Ready-Mix Concrete (1m³)","price":"4200.00","quantity":1}]
)

GET: Array
(
)


SESSION DATA: Array
(
    [user_id] => 2
    [email] => kyle@mjiphil.com
    [role] => admin
    [name] => Kyle
)

=== New Request at 2025-11-02 08:40:27 ===
POST: Array
(
    [action] => sync
    [cart] => [{"id":10,"name":"CemX Ready-Mix Concrete (1m³)","price":"4200.00","quantity":1}]
)

GET: Array
(
)


SESSION DATA: Array
(
    [user_id] => 2
    [email] => kyle@mjiphil.com
    [role] => admin
    [name] => Kyle
)

=== New Request at 2025-11-02 08:41:23 ===
POST: Array
(
    [action] => get
)

GET: Array
(
)


SESSION DATA: Array
(
    [user_id] => 2
    [email] => kyle@mjiphil.com
    [role] => admin
    [name] => Kyle
)

=== New Request at 2025-11-02 08:41:23 ===
POST: Array
(
    [action] => get
)

GET: Array
(
)


SESSION DATA: Array
(
    [user_id] => 2
    [email] => kyle@mjiphil.com
    [role] => admin
    [name] => Kyle
)

=== New Request at 2025-11-02 08:41:24 ===
POST: Array
(
    [action] => sync
    [cart] => [{"id":10,"name":"CemX Ready-Mix Concrete (1m³)","price":"4200.00","quantity":1}]
)

GET: Array
(
)


SESSION DATA: Array
(
    [user_id] => 2
    [email] => kyle@mjiphil.com
    [role] => admin
    [name] => Kyle
)

=== New Request at 2025-11-02 08:41:24 ===
POST: Array
(
    [action] => sync
    [cart] => [{"id":10,"name":"CemX Ready-Mix Concrete (1m³)","price":"4200.00","quantity":1}]
)

GET: Array
(
)


SESSION DATA: Array
(
    [user_id] => 2
    [email] => kyle@mjiphil.com
    [role] => admin
    [name] => Kyle
)

=== New Request at 2025-11-02 08:41:24 ===
POST: Array
(
    [action] => sync
    [cart] => [{"id":10,"name":"CemX Ready-Mix Concrete (1m³)","price":"4200.00","quantity":1}]
)

GET: Array
(
)


SESSION DATA: Array
(
    [user_id] => 2
    [email] => kyle@mjiphil.com
    [role] => admin
    [name] => Kyle
)

=== New Request at 2025-11-02 08:43:02 ===
POST: Array
(
    [action] => get
)

GET: Array
(
)


SESSION DATA: Array
(
    [user_id] => 2
    [email] => kyle@mjiphil.com
    [role] => admin
    [name] => Kyle
)

=== New Request at 2025-11-02 08:43:02 ===
POST: Array
(
    [action] => get
)

GET: Array
(
)


SESSION DATA: Array
(
    [user_id] => 2
    [email] => kyle@mjiphil.com
    [role] => admin
    [name] => Kyle
)

=== New Request at 2025-11-02 08:43:02 ===
POST: Array
(
    [action] => sync
    [cart] => [{"id":10,"name":"CemX Ready-Mix Concrete (1m³)","price":"4200.00","quantity":1}]
)

GET: Array
(
)


SESSION DATA: Array
(
    [user_id] => 2
    [email] => kyle@mjiphil.com
    [role] => admin
    [name] => Kyle
)

=== New Request at 2025-11-02 08:43:02 ===
POST: Array
(
    [action] => sync
    [cart] => [{"id":10,"name":"CemX Ready-Mix Concrete (1m³)","price":"4200.00","quantity":1}]
)

GET: Array
(
)


SESSION DATA: Array
(
    [user_id] => 2
    [email] => kyle@mjiphil.com
    [role] => admin
    [name] => Kyle
)

=== New Request at 2025-11-02 08:43:02 ===
POST: Array
(
    [action] => sync
    [cart] => [{"id":10,"name":"CemX Ready-Mix Concrete (1m³)","price":"4200.00","quantity":1}]
)

GET: Array
(
)


SESSION DATA: Array
(
    [user_id] => 2
    [email] => kyle@mjiphil.com
    [role] => admin
    [name] => Kyle
)

=== New Request at 2025-11-02 08:45:08 ===
POST: Array
(
    [action] => get
)

GET: Array
(
)


SESSION DATA: Array
(
    [user_id] => 2
    [email] => kyle@mjiphil.com
    [role] => admin
    [name] => Kyle
)

=== New Request at 2025-11-02 08:45:08 ===
POST: Array
(
    [action] => sync
    [cart] => []
)

GET: Array
(
)


SESSION DATA: Array
(
    [user_id] => 2
    [email] => kyle@mjiphil.com
    [role] => admin
    [name] => Kyle
)

=== New Request at 2025-11-02 08:45:20 ===
POST: Array
(
    [action] => get
)

GET: Array
(
)


SESSION DATA: Array
(
    [user_id] => 2
    [email] => kyle@mjiphil.com
    [role] => admin
    [name] => Kyle
)

=== New Request at 2025-11-02 08:45:20 ===
POST: Array
(
    [action] => get
)

GET: Array
(
)


SESSION DATA: Array
(
    [user_id] => 2
    [email] => kyle@mjiphil.com
    [role] => admin
    [name] => Kyle
)

=== New Request at 2025-11-02 08:45:20 ===
POST: Array
(
    [action] => sync
    [cart] => []
)

GET: Array
(
)


SESSION DATA: Array
(
    [user_id] => 2
    [email] => kyle@mjiphil.com
    [role] => admin
    [name] => Kyle
)

=== New Request at 2025-11-02 08:45:20 ===
POST: Array
(
    [action] => sync
    [cart] => []
)

GET: Array
(
)


SESSION DATA: Array
(
    [user_id] => 2
    [email] => kyle@mjiphil.com
    [role] => admin
    [name] => Kyle
)

=== New Request at 2025-11-02 08:45:20 ===
POST: Array
(
    [action] => sync
    [cart] => []
)

GET: Array
(
)


SESSION DATA: Array
(
    [user_id] => 2
    [email] => kyle@mjiphil.com
    [role] => admin
    [name] => Kyle
)

=== New Request at 2025-11-02 08:48:59 ===
POST: Array
(
    [action] => get
)

GET: Array
(
)


SESSION DATA: Array
(
    [user_id] => 2
    [email] => kyle@mjiphil.com
    [role] => admin
    [name] => Kyle
)

=== New Request at 2025-11-02 08:48:59 ===
POST: Array
(
    [action] => get
)

GET: Array
(
)


SESSION DATA: Array
(
    [user_id] => 2
    [email] => kyle@mjiphil.com
    [role] => admin
    [name] => Kyle
)

=== New Request at 2025-11-02 08:48:59 ===
POST: Array
(
    [action] => sync
    [cart] => []
)

GET: Array
(
)


SESSION DATA: Array
(
    [user_id] => 2
    [email] => kyle@mjiphil.com
    [role] => admin
    [name] => Kyle
)

=== New Request at 2025-11-02 08:48:59 ===
POST: Array
(
    [action] => sync
    [cart] => []
)

GET: Array
(
)


SESSION DATA: Array
(
    [user_id] => 2
    [email] => kyle@mjiphil.com
    [role] => admin
    [name] => Kyle
)

=== New Request at 2025-11-02 08:48:59 ===
POST: Array
(
    [action] => sync
    [cart] => []
)

GET: Array
(
)


SESSION DATA: Array
(
    [user_id] => 2
    [email] => kyle@mjiphil.com
    [role] => admin
    [name] => Kyle
)

=== New Request at 2025-11-02 08:49:03 ===
POST: Array
(
    [action] => get
)

GET: Array
(
)


SESSION DATA: Array
(
    [user_id] => 2
    [email] => kyle@mjiphil.com
    [role] => admin
    [name] => Kyle
)

=== New Request at 2025-11-02 08:49:03 ===
POST: Array
(
    [action] => get
)

GET: Array
(
)


SESSION DATA: Array
(
    [user_id] => 2
    [email] => kyle@mjiphil.com
    [role] => admin
    [name] => Kyle
)

=== New Request at 2025-11-02 08:49:03 ===
POST: Array
(
    [action] => sync
    [cart] => []
)

GET: Array
(
)


SESSION DATA: Array
(
    [user_id] => 2
    [email] => kyle@mjiphil.com
    [role] => admin
    [name] => Kyle
)

=== New Request at 2025-11-02 08:49:03 ===
POST: Array
(
    [action] => sync
    [cart] => []
)

GET: Array
(
)


SESSION DATA: Array
(
    [user_id] => 2
    [email] => kyle@mjiphil.com
    [role] => admin
    [name] => Kyle
)

=== New Request at 2025-11-02 08:49:03 ===
POST: Array
(
    [action] => sync
    [cart] => []
)

GET: Array
(
)


SESSION DATA: Array
(
    [user_id] => 2
    [email] => kyle@mjiphil.com
    [role] => admin
    [name] => Kyle
)

=== New Request at 2025-11-02 08:49:05 ===
POST: Array
(
    [action] => add
    [product_id] => 7
    [quantity] => 1
)

GET: Array
(
)


SESSION DATA: Array
(
    [user_id] => 2
    [email] => kyle@mjiphil.com
    [role] => admin
    [name] => Kyle
)

=== New Request at 2025-11-02 08:49:05 ===
POST: Array
(
    [action] => get
)

GET: Array
(
)


SESSION DATA: Array
(
    [user_id] => 2
    [email] => kyle@mjiphil.com
    [role] => admin
    [name] => Kyle
)

=== New Request at 2025-11-02 08:49:05 ===
POST: Array
(
    [action] => sync
    [cart] => [{"id":7,"name":"Duracore Safety Helmet — Yellow","price":"295.00","quantity":1}]
)

GET: Array
(
)


SESSION DATA: Array
(
    [user_id] => 2
    [email] => kyle@mjiphil.com
    [role] => admin
    [name] => Kyle
)

=== New Request at 2025-11-02 08:49:12 ===
POST: Array
(
    [action] => get
)

GET: Array
(
)


SESSION DATA: Array
(
    [user_id] => 2
    [email] => kyle@mjiphil.com
    [role] => admin
    [name] => Kyle
)

=== New Request at 2025-11-02 08:49:12 ===
POST: Array
(
    [action] => get
)

GET: Array
(
)


SESSION DATA: Array
(
    [user_id] => 2
    [email] => kyle@mjiphil.com
    [role] => admin
    [name] => Kyle
)

=== New Request at 2025-11-02 08:49:12 ===
POST: Array
(
    [action] => sync
    [cart] => [{"id":7,"name":"Duracore Safety Helmet — Yellow","price":"295.00","quantity":1}]
)

GET: Array
(
)


SESSION DATA: Array
(
    [user_id] => 2
    [email] => kyle@mjiphil.com
    [role] => admin
    [name] => Kyle
)

=== New Request at 2025-11-02 08:49:12 ===
POST: Array
(
    [action] => sync
    [cart] => [{"id":7,"name":"Duracore Safety Helmet — Yellow","price":"295.00","quantity":1}]
)

GET: Array
(
)


SESSION DATA: Array
(
    [user_id] => 2
    [email] => kyle@mjiphil.com
    [role] => admin
    [name] => Kyle
)

=== New Request at 2025-11-02 08:49:12 ===
POST: Array
(
    [action] => sync
    [cart] => [{"id":7,"name":"Duracore Safety Helmet — Yellow","price":"295.00","quantity":1}]
)

GET: Array
(
)


SESSION DATA: Array
(
    [user_id] => 2
    [email] => kyle@mjiphil.com
    [role] => admin
    [name] => Kyle
)

=== New Request at 2025-11-02 08:56:24 ===
POST: Array
(
    [action] => get
)

GET: Array
(
)


SESSION DATA: Array
(
    [user_id] => 2
    [email] => kyle@mjiphil.com
    [role] => admin
    [name] => Kyle
)

=== New Request at 2025-11-02 08:56:24 ===
POST: Array
(
    [action] => get
)

GET: Array
(
)


SESSION DATA: Array
(
    [user_id] => 2
    [email] => kyle@mjiphil.com
    [role] => admin
    [name] => Kyle
)

=== New Request at 2025-11-02 08:56:25 ===
POST: Array
(
    [action] => sync
    [cart] => [{"id":7,"name":"Duracore Safety Helmet — Yellow","price":"295.00","quantity":1}]
)

GET: Array
(
)


SESSION DATA: Array
(
    [user_id] => 2
    [email] => kyle@mjiphil.com
    [role] => admin
    [name] => Kyle
)

=== New Request at 2025-11-02 08:56:25 ===
POST: Array
(
    [action] => sync
    [cart] => [{"id":7,"name":"Duracore Safety Helmet — Yellow","price":"295.00","quantity":1}]
)

GET: Array
(
)


SESSION DATA: Array
(
    [user_id] => 2
    [email] => kyle@mjiphil.com
    [role] => admin
    [name] => Kyle
)

=== New Request at 2025-11-02 08:56:25 ===
POST: Array
(
    [action] => sync
    [cart] => [{"id":7,"name":"Duracore Safety Helmet — Yellow","price":"295.00","quantity":1}]
)

GET: Array
(
)


SESSION DATA: Array
(
    [user_id] => 2
    [email] => kyle@mjiphil.com
    [role] => admin
    [name] => Kyle
)

=== New Request at 2025-11-02 09:00:46 ===
POST: Array
(
    [action] => get
)

GET: Array
(
)


SESSION DATA: Array
(
    [user_id] => 2
    [email] => kyle@mjiphil.com
    [role] => admin
    [name] => Kyle
)

=== New Request at 2025-11-02 09:00:46 ===
POST: Array
(
    [action] => get
)

GET: Array
(
)


SESSION DATA: Array
(
    [user_id] => 2
    [email] => kyle@mjiphil.com
    [role] => admin
    [name] => Kyle
)

=== New Request at 2025-11-02 09:00:46 ===
POST: Array
(
    [action] => sync
    [cart] => [{"id":7,"name":"Duracore Safety Helmet — Yellow","price":"295.00","quantity":1}]
)

GET: Array
(
)


SESSION DATA: Array
(
    [user_id] => 2
    [email] => kyle@mjiphil.com
    [role] => admin
    [name] => Kyle
)

=== New Request at 2025-11-02 09:00:46 ===
POST: Array
(
    [action] => sync
    [cart] => [{"id":7,"name":"Duracore Safety Helmet — Yellow","price":"295.00","quantity":1}]
)

GET: Array
(
)


SESSION DATA: Array
(
    [user_id] => 2
    [email] => kyle@mjiphil.com
    [role] => admin
    [name] => Kyle
)

=== New Request at 2025-11-02 09:00:46 ===
POST: Array
(
    [action] => sync
    [cart] => [{"id":7,"name":"Duracore Safety Helmet — Yellow","price":"295.00","quantity":1}]
)

GET: Array
(
)


