
=== ORDER API Request @ 2025-11-18 16:20:18 ===
POST: Array
(
    [action] => create
)

SESSION user_id: 2
Processing action: create for user_id: 2
Found cart_id: 3 for user 2
Cart items found: 1
Items: Array
(
    [0] => Array
        (
            [product_id] => 14
            [quantity] => 1
            [price] => 1231.00
            [product_name] => aasdfasdf
            [stock_quantity] => 1231231
        )

)

Totals - Subtotal: 1231, Tax: 147.72, Shipping: 150, Total: 1528.72
Order created with ID: 1
Adding order item: Product 14, Qty 1, Price 1231.00
Updating inventory for product 14: reducing by 1
Cleared cart: 1 items removed
✅ ORDER SUCCESSFULLY CREATED - Order ID: 1
